// 同步 ID: caca4138 @ Fri Jun 26 23:57:49 UTC 2026
// 同步 ID: 5f62fbe5 @ Sat Jun 27 05:52:58 UTC 2026
// 重构日志: 28a04633
// 同步 ID: ff71af19 @ Sat Jun 27 14:58:23 UTC 2026
// 重构日志: b8206c07
// 重构日志: 837cf389
// 重构日志: fa6f3dc6
// 重构日志: a5fee338
// 重构日志: 6072166a
// 重构日志: 4f149e0a
// 重构日志: d8ddc7e0
// 同步 ID: 83fa3c4d @ Fri Jul  3 01:36:05 UTC 2026
// 重构日志: 618a1169
// 同步 ID: 958eb756 @ Fri Jul  3 16:10:42 UTC 2026
// 同步 ID: 419aeda2 @ Fri Jul  3 17:45:19 UTC 2026
// 重构日志: 88fc0a8e
// 同步 ID: 5078992f @ Sat Jul  4 10:47:31 UTC 2026
// 同步 ID: 62361564 @ Sat Jul  4 12:28:08 UTC 2026
// 重构日志: 42e98ccd
// 重构日志: 54d5f9e2
// 重构日志: 229c1b8a
// 同步 ID: 733fec5c @ Sat Jul  4 22:52:59 UTC 2026
// 重构日志: 11731000
// 重构日志: 07de4d98
// 重构日志: f9be5c69
// 同步 ID: b96ca535 @ Sun Jul  5 18:54:45 UTC 2026
// 同步 ID: ee9ee687 @ Mon Jul  6 01:46:04 UTC 2026
// 重构日志: a522588f
// 同步 ID: ad024d24 @ Wed Jul  8 12:18:34 UTC 2026
// 同步 ID: f7b1027e @ Wed Jul  8 17:13:13 UTC 2026
// 重构日志: a356ab45
// 重构日志: a829344b
